<?xml version="1.0" encoding="UTF-8"?>
<!-- Generated by org.testng.reporters.JUnitReportReporter -->
<testsuite hostname="BLR1-LHP-N80691" failures="0" tests="1" name="Com.Automation.Test.LoginTest" time="5.518" errors="0" timestamp="2022-08-17T18:25:01 IST" skipped="0">
  <testcase classname="Com.Automation.Test.LoginTest" name="verifylogintest" time="5.518"/>
  <system-out/>
</testsuite> <!-- Com.Automation.Test.LoginTest -->
